
2019-07-05  0:45:56 0 [Note] InnoDB: Mutexes and rw_locks use Windows interlocked functions
2019-07-05  0:45:56 0 [Note] InnoDB: Uses event mutexes
2019-07-05  0:45:56 0 [Note] InnoDB: Compressed tables use zlib 1.2.11
2019-07-05  0:45:56 0 [Note] InnoDB: Number of pools: 1
2019-07-05  0:45:56 0 [Note] InnoDB: Using SSE2 crc32 instructions
2019-07-05  0:45:56 0 [Note] InnoDB: Initializing buffer pool, total size = 16M, instances = 1, chunk size = 16M
2019-07-05  0:45:56 0 [Note] InnoDB: Completed initialization of buffer pool
2019-07-05  0:45:56 0 [Note] InnoDB: Starting crash recovery from checkpoint LSN=1791378
2019-07-05  0:45:56 0 [Note] InnoDB: 128 out of 128 rollback segments are active.
2019-07-05  0:45:56 0 [Note] InnoDB: Removed temporary tablespace data file: "ibtmp1"
2019-07-05  0:45:56 0 [Note] InnoDB: Creating shared tablespace for temporary tables
2019-07-05  0:45:56 0 [Note] InnoDB: Setting file 'C:\xampp\mysql\data\ibtmp1' size to 12 MB. Physically writing the file full; Please wait ...
2019-07-05  0:45:56 0 [Note] InnoDB: File 'C:\xampp\mysql\data\ibtmp1' size is now 12 MB.
2019-07-05  0:45:56 0 [Note] InnoDB: 10.3.16 started; log sequence number 1791387; transaction id 163
2019-07-05  0:45:56 0 [Note] InnoDB: Loading buffer pool(s) from C:\xampp\mysql\data\ib_buffer_pool
2019-07-05  0:45:56 0 [Note] Plugin 'FEEDBACK' is disabled.
2019-07-05  0:45:56 0 [Note] Server socket created on IP: '::'.
2019-07-09 17:36:21 0 [Note] InnoDB: Mutexes and rw_locks use Windows interlocked functions
2019-07-09 17:36:21 0 [Note] InnoDB: Uses event mutexes
2019-07-09 17:36:21 0 [Note] InnoDB: Compressed tables use zlib 1.2.11
2019-07-09 17:36:21 0 [Note] InnoDB: Number of pools: 1
2019-07-09 17:36:21 0 [Note] InnoDB: Using SSE2 crc32 instructions
2019-07-09 17:36:21 0 [Note] InnoDB: Initializing buffer pool, total size = 16M, instances = 1, chunk size = 16M
2019-07-09 17:36:21 0 [Note] InnoDB: Completed initialization of buffer pool
2019-07-09 17:36:22 0 [Note] InnoDB: Starting crash recovery from checkpoint LSN=3962495
2019-07-09 17:36:25 0 [Note] InnoDB: 128 out of 128 rollback segments are active.
2019-07-09 17:36:25 0 [Note] InnoDB: Removed temporary tablespace data file: "ibtmp1"
2019-07-09 17:36:25 0 [Note] InnoDB: Creating shared tablespace for temporary tables
2019-07-09 17:36:25 0 [Note] InnoDB: Setting file 'C:\xampp\mysql\data\ibtmp1' size to 12 MB. Physically writing the file full; Please wait ...
2019-07-09 17:36:25 0 [Note] InnoDB: File 'C:\xampp\mysql\data\ibtmp1' size is now 12 MB.
2019-07-09 17:36:25 0 [Note] InnoDB: Waiting for purge to start
2019-07-09 17:36:25 0 [Note] InnoDB: 10.3.16 started; log sequence number 3962504; transaction id 1926
2019-07-09 17:36:26 0 [Note] InnoDB: Loading buffer pool(s) from C:\xampp\mysql\data\ib_buffer_pool
2019-07-09 17:36:26 0 [Note] Plugin 'FEEDBACK' is disabled.
2019-07-09 17:36:26 0 [Note] Server socket created on IP: '::'.
2019-07-09 19:14:04 0 [Note] InnoDB: Mutexes and rw_locks use Windows interlocked functions
2019-07-09 19:14:04 0 [Note] InnoDB: Uses event mutexes
2019-07-09 19:14:04 0 [Note] InnoDB: Compressed tables use zlib 1.2.11
2019-07-09 19:14:04 0 [Note] InnoDB: Number of pools: 1
2019-07-09 19:14:04 0 [Note] InnoDB: Using SSE2 crc32 instructions
2019-07-09 19:14:04 0 [Note] InnoDB: Initializing buffer pool, total size = 16M, instances = 1, chunk size = 16M
2019-07-09 19:14:04 0 [Note] InnoDB: Completed initialization of buffer pool
2019-07-09 19:14:05 0 [Note] InnoDB: Starting crash recovery from checkpoint LSN=4615726
2019-07-09 19:14:10 0 [Note] InnoDB: 128 out of 128 rollback segments are active.
2019-07-09 19:14:10 0 [Note] InnoDB: Removed temporary tablespace data file: "ibtmp1"
2019-07-09 19:14:10 0 [Note] InnoDB: Creating shared tablespace for temporary tables
2019-07-09 19:14:10 0 [Note] InnoDB: Setting file 'C:\xampp\mysql\data\ibtmp1' size to 12 MB. Physically writing the file full; Please wait ...
2019-07-09 19:14:10 0 [Note] InnoDB: File 'C:\xampp\mysql\data\ibtmp1' size is now 12 MB.
2019-07-09 19:14:10 0 [Note] InnoDB: Waiting for purge to start
2019-07-09 19:14:11 0 [Note] InnoDB: 10.3.16 started; log sequence number 4615735; transaction id 2231
2019-07-09 19:14:11 0 [Note] InnoDB: Loading buffer pool(s) from C:\xampp\mysql\data\ib_buffer_pool
2019-07-09 19:14:11 0 [Note] Plugin 'FEEDBACK' is disabled.
2019-07-09 19:14:11 0 [Note] Server socket created on IP: '::'.
2019-07-10  3:24:06 0 [Note] InnoDB: Mutexes and rw_locks use Windows interlocked functions
2019-07-10  3:24:06 0 [Note] InnoDB: Uses event mutexes
2019-07-10  3:24:06 0 [Note] InnoDB: Compressed tables use zlib 1.2.11
2019-07-10  3:24:06 0 [Note] InnoDB: Number of pools: 1
2019-07-10  3:24:06 0 [Note] InnoDB: Using SSE2 crc32 instructions
2019-07-10  3:24:06 0 [Note] InnoDB: Initializing buffer pool, total size = 16M, instances = 1, chunk size = 16M
2019-07-10  3:24:06 0 [Note] InnoDB: Completed initialization of buffer pool
2019-07-10  3:24:06 0 [Note] InnoDB: Starting crash recovery from checkpoint LSN=4674311
2019-07-10  3:24:10 0 [Note] InnoDB: 128 out of 128 rollback segments are active.
2019-07-10  3:24:10 0 [Note] InnoDB: Removed temporary tablespace data file: "ibtmp1"
2019-07-10  3:24:10 0 [Note] InnoDB: Creating shared tablespace for temporary tables
2019-07-10  3:24:10 0 [Note] InnoDB: Setting file 'C:\xampp\mysql\data\ibtmp1' size to 12 MB. Physically writing the file full; Please wait ...
2019-07-10  3:24:10 0 [Note] InnoDB: File 'C:\xampp\mysql\data\ibtmp1' size is now 12 MB.
2019-07-10  3:24:10 0 [Note] InnoDB: Waiting for purge to start
2019-07-10  3:24:10 0 [Note] InnoDB: 10.3.16 started; log sequence number 4674320; transaction id 2325
2019-07-10  3:24:10 0 [Note] InnoDB: Loading buffer pool(s) from C:\xampp\mysql\data\ib_buffer_pool
2019-07-10  3:24:10 0 [Note] Plugin 'FEEDBACK' is disabled.
2019-07-10  3:24:10 0 [Note] Server socket created on IP: '::'.
2019-07-10 15:06:42 0 [Note] InnoDB: Mutexes and rw_locks use Windows interlocked functions
2019-07-10 15:06:42 0 [Note] InnoDB: Uses event mutexes
2019-07-10 15:06:42 0 [Note] InnoDB: Compressed tables use zlib 1.2.11
2019-07-10 15:06:42 0 [Note] InnoDB: Number of pools: 1
2019-07-10 15:06:42 0 [Note] InnoDB: Using SSE2 crc32 instructions
2019-07-10 15:06:42 0 [Note] InnoDB: Initializing buffer pool, total size = 16M, instances = 1, chunk size = 16M
2019-07-10 15:06:42 0 [Note] InnoDB: Completed initialization of buffer pool
2019-07-10 15:06:43 0 [Note] InnoDB: Starting crash recovery from checkpoint LSN=4998109
2019-07-10 15:06:46 0 [Note] InnoDB: 128 out of 128 rollback segments are active.
2019-07-10 15:06:46 0 [Note] InnoDB: Removed temporary tablespace data file: "ibtmp1"
2019-07-10 15:06:46 0 [Note] InnoDB: Creating shared tablespace for temporary tables
2019-07-10 15:06:46 0 [Note] InnoDB: Setting file 'C:\xampp\mysql\data\ibtmp1' size to 12 MB. Physically writing the file full; Please wait ...
2019-07-10 15:06:46 0 [Note] InnoDB: File 'C:\xampp\mysql\data\ibtmp1' size is now 12 MB.
2019-07-10 15:06:46 0 [Note] InnoDB: Waiting for purge to start
2019-07-10 15:06:46 0 [Note] InnoDB: 10.3.16 started; log sequence number 4998118; transaction id 2855
2019-07-10 15:06:47 0 [Note] InnoDB: Loading buffer pool(s) from C:\xampp\mysql\data\ib_buffer_pool
2019-07-10 15:06:47 0 [Note] InnoDB: Buffer pool(s) load completed at 190710 15:06:47
2019-07-10 15:06:47 0 [Note] Plugin 'FEEDBACK' is disabled.
2019-07-10 15:06:47 0 [Note] Server socket created on IP: '::'.
2019-07-11 10:44:16 0 [Note] InnoDB: Mutexes and rw_locks use Windows interlocked functions
2019-07-11 10:44:16 0 [Note] InnoDB: Uses event mutexes
2019-07-11 10:44:16 0 [Note] InnoDB: Compressed tables use zlib 1.2.11
2019-07-11 10:44:17 0 [Note] InnoDB: Number of pools: 1
2019-07-11 10:44:17 0 [Note] InnoDB: Using SSE2 crc32 instructions
2019-07-11 10:44:17 0 [Note] InnoDB: Initializing buffer pool, total size = 16M, instances = 1, chunk size = 16M
2019-07-11 10:44:17 0 [Note] InnoDB: Completed initialization of buffer pool
2019-07-11 10:44:20 0 [Note] InnoDB: Starting crash recovery from checkpoint LSN=17720111
2019-07-11 10:44:43 0 [Note] InnoDB: 128 out of 128 rollback segments are active.
2019-07-11 10:44:43 0 [Note] InnoDB: Removed temporary tablespace data file: "ibtmp1"
2019-07-11 10:44:43 0 [Note] InnoDB: Creating shared tablespace for temporary tables
2019-07-11 10:44:43 0 [Note] InnoDB: Setting file 'C:\xampp\mysql\data\ibtmp1' size to 12 MB. Physically writing the file full; Please wait ...
2019-07-11 10:44:43 0 [Note] InnoDB: File 'C:\xampp\mysql\data\ibtmp1' size is now 12 MB.
2019-07-11 10:44:43 0 [Note] InnoDB: Waiting for purge to start
2019-07-11 10:44:43 0 [Note] InnoDB: 10.3.16 started; log sequence number 17720120; transaction id 23485
2019-07-11 10:44:43 0 [Note] InnoDB: Loading buffer pool(s) from C:\xampp\mysql\data\ib_buffer_pool
2019-07-11 10:44:43 0 [Note] Plugin 'FEEDBACK' is disabled.
2019-07-11 10:44:43 0 [Note] InnoDB: Buffer pool(s) load completed at 190711 10:44:43
2019-07-11 10:44:43 0 [Note] Server socket created on IP: '::'.
