00:45:10  [main] 	Initializing Control Panel
00:45:10  [main] 	Windows Version:  Home  64-bit
00:45:10  [main] 	XAMPP Version: 7.3.6
00:45:10  [main] 	Control Panel Version: 3.2.4  [ Compiled: Jun 5th 2019 ]
00:45:10  [main] 	You are not running with administrator rights! This will work for
00:45:10  [main] 	most application stuff but whenever you do something with services
00:45:10  [main] 	there will be a security dialogue or things will break! So think 
00:45:10  [main] 	about running this application with administrator rights!
00:45:10  [main] 	XAMPP Installation Directory: "c:\xampp\"
00:45:10  [main] 	Checking for prerequisites
00:45:39  [main] 	All prerequisites found
00:45:39  [main] 	Initializing Modules
00:45:39  [main] 	Starting Check-Timer
00:45:39  [main] 	Control Panel Ready
00:45:52  [Apache] 	Attempting to start Apache app...
00:45:53  [Apache] 	Status change detected: running
00:45:55  [mysql] 	Attempting to start MySQL app...
00:45:56  [mysql] 	Status change detected: running
04:14:08  [main] 	Deinitializing Modules
04:14:08  [main] 	Deinitializing Control Panel

17:35:38  [main] 	Initializing Control Panel
17:35:38  [main] 	Windows Version:  Home  64-bit
17:35:38  [main] 	XAMPP Version: 7.3.6
17:35:38  [main] 	Control Panel Version: 3.2.4  [ Compiled: Jun 5th 2019 ]
17:35:38  [main] 	You are not running with administrator rights! This will work for
17:35:38  [main] 	most application stuff but whenever you do something with services
17:35:38  [main] 	there will be a security dialogue or things will break! So think 
17:35:38  [main] 	about running this application with administrator rights!
17:35:38  [main] 	XAMPP Installation Directory: "c:\xampp\"
17:35:38  [main] 	Checking for prerequisites
17:36:05  [main] 	All prerequisites found
17:36:05  [main] 	Initializing Modules
17:36:05  [main] 	Starting Check-Timer
17:36:05  [main] 	Control Panel Ready
17:36:17  [Apache] 	Attempting to start Apache app...
17:36:18  [Apache] 	Status change detected: running
17:36:18  [Apache] 	Attempting to stop Apache (PID: 9448)
17:36:18  [Apache] 	Status change detected: stopped
17:36:20  [Apache] 	Attempting to start Apache app...
17:36:20  [Apache] 	Status change detected: running
17:36:21  [mysql] 	Attempting to start MySQL app...
17:36:21  [mysql] 	Status change detected: running
18:50:49  [main] 	Deinitializing Modules
18:50:49  [main] 	Deinitializing Control Panel

19:13:47  [main] 	Initializing Control Panel
19:13:47  [main] 	Windows Version:  Home  64-bit
19:13:47  [main] 	XAMPP Version: 7.3.6
19:13:47  [main] 	Control Panel Version: 3.2.4  [ Compiled: Jun 5th 2019 ]
19:13:47  [main] 	You are not running with administrator rights! This will work for
19:13:47  [main] 	most application stuff but whenever you do something with services
19:13:47  [main] 	there will be a security dialogue or things will break! So think 
19:13:47  [main] 	about running this application with administrator rights!
19:13:47  [main] 	XAMPP Installation Directory: "c:\xampp\"
19:13:47  [main] 	Checking for prerequisites
19:13:54  [main] 	All prerequisites found
19:13:54  [main] 	Initializing Modules
19:13:54  [main] 	Starting Check-Timer
19:13:54  [main] 	Control Panel Ready
19:13:59  [Apache] 	Attempting to start Apache app...
19:13:59  [Apache] 	Status change detected: running
19:14:02  [mysql] 	Attempting to start MySQL app...
19:14:03  [mysql] 	Status change detected: running
20:01:21  [main] 	Deinitializing Modules
20:01:21  [main] 	Deinitializing Control Panel

03:24:01  [main] 	Initializing Control Panel
03:24:01  [main] 	Windows Version:  Home  64-bit
03:24:01  [main] 	XAMPP Version: 7.3.6
03:24:01  [main] 	Control Panel Version: 3.2.4  [ Compiled: Jun 5th 2019 ]
03:24:01  [main] 	You are not running with administrator rights! This will work for
03:24:01  [main] 	most application stuff but whenever you do something with services
03:24:01  [main] 	there will be a security dialogue or things will break! So think 
03:24:01  [main] 	about running this application with administrator rights!
03:24:01  [main] 	XAMPP Installation Directory: "c:\xampp\"
03:24:01  [main] 	Checking for prerequisites
03:24:01  [main] 	All prerequisites found
03:24:01  [main] 	Initializing Modules
03:24:01  [main] 	Starting Check-Timer
03:24:01  [main] 	Control Panel Ready
03:24:04  [Apache] 	Attempting to start Apache app...
03:24:04  [Apache] 	Status change detected: running
03:24:05  [mysql] 	Attempting to start MySQL app...
03:24:05  [mysql] 	Status change detected: running
04:17:41  [main] 	Deinitializing Modules
04:17:41  [main] 	Deinitializing Control Panel

