[Fri Jul 05 00:44:12.659383 2019] [ssl:warn] [pid 6096:tid 588] AH01909: www.example.com:443:0 server certificate does NOT include an ID which matches the server name
[Fri Jul 05 00:44:12.803300 2019] [ssl:warn] [pid 6096:tid 588] AH01909: www.example.com:443:0 server certificate does NOT include an ID which matches the server name
[Fri Jul 05 00:44:12.876247 2019] [mpm_winnt:notice] [pid 6096:tid 588] AH00455: Apache/2.4.39 (Win64) OpenSSL/1.1.1c PHP/7.3.6 configured -- resuming normal operations
[Fri Jul 05 00:44:12.876247 2019] [mpm_winnt:notice] [pid 6096:tid 588] AH00456: Apache Lounge VC15 Server built: May 29 2019 11:22:50
[Fri Jul 05 00:44:12.876247 2019] [core:notice] [pid 6096:tid 588] AH00094: Command line: 'C:\\xampp\\apache\\bin\\httpd.exe -d C:/xampp/apache'
[Fri Jul 05 00:44:12.927269 2019] [mpm_winnt:notice] [pid 6096:tid 588] AH00418: Parent: Created child process 4292
[Fri Jul 05 00:44:13.576101 2019] [ssl:warn] [pid 4292:tid 564] AH01909: www.example.com:443:0 server certificate does NOT include an ID which matches the server name
[Fri Jul 05 00:44:13.796191 2019] [ssl:warn] [pid 4292:tid 564] AH01909: www.example.com:443:0 server certificate does NOT include an ID which matches the server name
[Fri Jul 05 00:44:13.889106 2019] [mpm_winnt:notice] [pid 4292:tid 564] AH00354: Child: Starting 150 worker threads.
[Fri Jul 05 00:45:53.689015 2019] [ssl:warn] [pid 432:tid 472] AH01909: www.example.com:443:0 server certificate does NOT include an ID which matches the server name
[Fri Jul 05 00:45:53.757975 2019] [ssl:warn] [pid 432:tid 472] AH01909: www.example.com:443:0 server certificate does NOT include an ID which matches the server name
[Fri Jul 05 00:45:53.794955 2019] [mpm_winnt:notice] [pid 432:tid 472] AH00455: Apache/2.4.39 (Win64) OpenSSL/1.1.1c PHP/7.3.6 configured -- resuming normal operations
[Fri Jul 05 00:45:53.794955 2019] [mpm_winnt:notice] [pid 432:tid 472] AH00456: Apache Lounge VC15 Server built: May 29 2019 11:22:50
[Fri Jul 05 00:45:53.794955 2019] [core:notice] [pid 432:tid 472] AH00094: Command line: 'c:\\xampp\\apache\\bin\\httpd.exe -d C:/xampp/apache'
[Fri Jul 05 00:45:53.820939 2019] [mpm_winnt:notice] [pid 432:tid 472] AH00418: Parent: Created child process 1028
[Fri Jul 05 00:45:54.461032 2019] [ssl:warn] [pid 1028:tid 536] AH01909: www.example.com:443:0 server certificate does NOT include an ID which matches the server name
[Fri Jul 05 00:45:54.526994 2019] [ssl:warn] [pid 1028:tid 536] AH01909: www.example.com:443:0 server certificate does NOT include an ID which matches the server name
[Fri Jul 05 00:45:54.559992 2019] [mpm_winnt:notice] [pid 1028:tid 536] AH00354: Child: Starting 150 worker threads.
[Fri Jul 05 01:00:29.480763 2019] [php7:notice] [pid 1028:tid 1880] [client ::1:50483] Erro de banco de dados do WordPress Unknown column 'st_' in 'field list' para a consulta SELECT st_, referer: http://localhost/unbaja/wp-admin/setup-config.php?step=1&language=pt_BR
[Tue Jul 09 17:36:22.521306 2019] [ssl:warn] [pid 10636:tid 148] AH01909: www.example.com:443:0 server certificate does NOT include an ID which matches the server name
[Tue Jul 09 17:36:22.713257 2019] [core:warn] [pid 10636:tid 148] AH00098: pid file C:/xampp/apache/logs/httpd.pid overwritten -- Unclean shutdown of previous Apache run?
[Tue Jul 09 17:36:22.737257 2019] [ssl:warn] [pid 10636:tid 148] AH01909: www.example.com:443:0 server certificate does NOT include an ID which matches the server name
[Tue Jul 09 17:36:24.936818 2019] [mpm_winnt:notice] [pid 10636:tid 148] AH00455: Apache/2.4.39 (Win64) OpenSSL/1.1.1c PHP/7.3.6 configured -- resuming normal operations
[Tue Jul 09 17:36:24.936818 2019] [mpm_winnt:notice] [pid 10636:tid 148] AH00456: Apache Lounge VC15 Server built: May 29 2019 11:22:50
[Tue Jul 09 17:36:24.936818 2019] [core:notice] [pid 10636:tid 148] AH00094: Command line: 'c:\\xampp\\apache\\bin\\httpd.exe -d C:/xampp/apache'
[Tue Jul 09 17:36:24.992835 2019] [mpm_winnt:notice] [pid 10636:tid 148] AH00418: Parent: Created child process 11944
[Tue Jul 09 17:36:25.636652 2019] [ssl:warn] [pid 11944:tid 656] AH01909: www.example.com:443:0 server certificate does NOT include an ID which matches the server name
[Tue Jul 09 17:36:25.828616 2019] [ssl:warn] [pid 11944:tid 656] AH01909: www.example.com:443:0 server certificate does NOT include an ID which matches the server name
[Tue Jul 09 17:36:25.892577 2019] [mpm_winnt:notice] [pid 11944:tid 656] AH00354: Child: Starting 150 worker threads.
[Tue Jul 09 17:37:24.108671 2019] [php7:error] [pid 11944:tid 1864] [client ::1:52458] PHP Fatal error:  Maximum execution time of 30 seconds exceeded in C:\\xampp\\htdocs\\unbaja\\wp-admin\\includes\\meta-boxes.php on line 22
[Tue Jul 09 19:14:08.042703 2019] [ssl:warn] [pid 5016:tid 560] AH01909: www.example.com:443:0 server certificate does NOT include an ID which matches the server name
[Tue Jul 09 19:14:08.318614 2019] [core:warn] [pid 5016:tid 560] AH00098: pid file C:/xampp/apache/logs/httpd.pid overwritten -- Unclean shutdown of previous Apache run?
[Tue Jul 09 19:14:08.346608 2019] [ssl:warn] [pid 5016:tid 560] AH01909: www.example.com:443:0 server certificate does NOT include an ID which matches the server name
[Tue Jul 09 19:14:10.322112 2019] [mpm_winnt:notice] [pid 5016:tid 560] AH00455: Apache/2.4.39 (Win64) OpenSSL/1.1.1c PHP/7.3.6 configured -- resuming normal operations
[Tue Jul 09 19:14:10.322112 2019] [mpm_winnt:notice] [pid 5016:tid 560] AH00456: Apache Lounge VC15 Server built: May 29 2019 11:22:50
[Tue Jul 09 19:14:10.322112 2019] [core:notice] [pid 5016:tid 560] AH00094: Command line: 'c:\\xampp\\apache\\bin\\httpd.exe -d C:/xampp/apache'
[Tue Jul 09 19:14:10.426085 2019] [mpm_winnt:notice] [pid 5016:tid 560] AH00418: Parent: Created child process 12596
[Tue Jul 09 19:14:11.137904 2019] [ssl:warn] [pid 12596:tid 676] AH01909: www.example.com:443:0 server certificate does NOT include an ID which matches the server name
[Tue Jul 09 19:14:11.209902 2019] [ssl:warn] [pid 12596:tid 676] AH01909: www.example.com:443:0 server certificate does NOT include an ID which matches the server name
[Tue Jul 09 19:14:11.377845 2019] [mpm_winnt:notice] [pid 12596:tid 676] AH00354: Child: Starting 150 worker threads.
[Tue Jul 09 19:38:34.735159 2019] [php7:error] [pid 12596:tid 1896] [client ::1:59349] PHP Fatal error:  Maximum execution time of 30 seconds exceeded in C:\\xampp\\htdocs\\unbaja\\wp-includes\\Requests\\Transport\\cURL.php on line 463, referer: http://localhost/unbaja/wp-admin/theme-install.php?theme=graphene
[Tue Jul 09 19:39:10.722138 2019] [php7:error] [pid 12596:tid 1888] [client ::1:59362] PHP Fatal error:  Maximum execution time of 30 seconds exceeded in C:\\xampp\\htdocs\\unbaja\\wp-includes\\Requests\\Transport\\cURL.php on line 463, referer: http://localhost/unbaja/wp-admin/theme-install.php?theme=graphene
[Tue Jul 09 19:39:21.579473 2019] [php7:error] [pid 12596:tid 1900] [client ::1:59373] PHP Fatal error:  Maximum execution time of 30 seconds exceeded in C:\\xampp\\htdocs\\unbaja\\wp-includes\\Requests\\Transport\\cURL.php on line 463, referer: http://localhost/unbaja/wp-admin/theme-install.php?theme=graphene
[Tue Jul 09 19:41:13.319462 2019] [php7:error] [pid 12596:tid 1888] [client ::1:59381] PHP Fatal error:  Maximum execution time of 30 seconds exceeded in C:\\xampp\\htdocs\\unbaja\\wp-includes\\Requests\\Transport\\cURL.php on line 463, referer: http://localhost/unbaja/wp-admin/theme-install.php?browse=featured
[Tue Jul 09 19:42:26.453128 2019] [php7:error] [pid 12596:tid 1872] [client ::1:59400] PHP Fatal error:  Maximum execution time of 30 seconds exceeded in C:\\xampp\\htdocs\\unbaja\\wp-includes\\Requests\\Transport\\cURL.php on line 463, referer: http://localhost/unbaja/wp-admin/theme-install.php?browse=featured
[Tue Jul 09 19:42:33.499362 2019] [php7:error] [pid 12596:tid 1880] [client ::1:59403] PHP Fatal error:  Maximum execution time of 30 seconds exceeded in C:\\xampp\\htdocs\\unbaja\\wp-includes\\Requests\\Transport\\cURL.php on line 463, referer: http://localhost/unbaja/wp-admin/theme-install.php?browse=featured
[Tue Jul 09 19:43:55.738660 2019] [php7:error] [pid 12596:tid 1880] [client ::1:59423] PHP Fatal error:  Maximum execution time of 30 seconds exceeded in C:\\xampp\\htdocs\\unbaja\\wp-admin\\includes\\class-wp-filesystem-direct.php on line 81, referer: http://localhost/unbaja/wp-admin/theme-install.php?browse=featured
[Tue Jul 09 19:51:25.549904 2019] [php7:error] [pid 12596:tid 1880] [client ::1:59447] PHP Fatal error:  Maximum execution time of 30 seconds exceeded in C:\\xampp\\htdocs\\unbaja\\wp-includes\\Requests\\Transport\\cURL.php on line 463, referer: http://localhost/unbaja/wp-admin/theme-install.php?browse=featured
[Wed Jul 10 03:24:08.491879 2019] [ssl:warn] [pid 7364:tid 672] AH01909: www.example.com:443:0 server certificate does NOT include an ID which matches the server name
[Wed Jul 10 03:24:08.602261 2019] [core:warn] [pid 7364:tid 672] AH00098: pid file C:/xampp/apache/logs/httpd.pid overwritten -- Unclean shutdown of previous Apache run?
[Wed Jul 10 03:24:08.609241 2019] [ssl:warn] [pid 7364:tid 672] AH01909: www.example.com:443:0 server certificate does NOT include an ID which matches the server name
[Wed Jul 10 03:24:10.002889 2019] [mpm_winnt:notice] [pid 7364:tid 672] AH00455: Apache/2.4.39 (Win64) OpenSSL/1.1.1c PHP/7.3.6 configured -- resuming normal operations
[Wed Jul 10 03:24:10.002889 2019] [mpm_winnt:notice] [pid 7364:tid 672] AH00456: Apache Lounge VC15 Server built: May 29 2019 11:22:50
[Wed Jul 10 03:24:10.002889 2019] [core:notice] [pid 7364:tid 672] AH00094: Command line: 'c:\\xampp\\apache\\bin\\httpd.exe -d C:/xampp/apache'
[Wed Jul 10 03:24:10.043973 2019] [mpm_winnt:notice] [pid 7364:tid 672] AH00418: Parent: Created child process 8536
[Wed Jul 10 03:24:10.490785 2019] [ssl:warn] [pid 8536:tid 632] AH01909: www.example.com:443:0 server certificate does NOT include an ID which matches the server name
[Wed Jul 10 03:24:10.571820 2019] [ssl:warn] [pid 8536:tid 632] AH01909: www.example.com:443:0 server certificate does NOT include an ID which matches the server name
[Wed Jul 10 03:24:10.670843 2019] [mpm_winnt:notice] [pid 8536:tid 632] AH00354: Child: Starting 150 worker threads.
[Wed Jul 10 15:06:46.265311 2019] [ssl:warn] [pid 10372:tid 484] AH01909: www.example.com:443:0 server certificate does NOT include an ID which matches the server name
[Wed Jul 10 15:06:46.461316 2019] [core:warn] [pid 10372:tid 484] AH00098: pid file C:/xampp/apache/logs/httpd.pid overwritten -- Unclean shutdown of previous Apache run?
[Wed Jul 10 15:06:46.481243 2019] [ssl:warn] [pid 10372:tid 484] AH01909: www.example.com:443:0 server certificate does NOT include an ID which matches the server name
[Wed Jul 10 15:06:48.644695 2019] [mpm_winnt:notice] [pid 10372:tid 484] AH00455: Apache/2.4.39 (Win64) OpenSSL/1.1.1c PHP/7.3.6 configured -- resuming normal operations
[Wed Jul 10 15:06:48.644695 2019] [mpm_winnt:notice] [pid 10372:tid 484] AH00456: Apache Lounge VC15 Server built: May 29 2019 11:22:50
[Wed Jul 10 15:06:48.644695 2019] [core:notice] [pid 10372:tid 484] AH00094: Command line: 'c:\\xampp\\apache\\bin\\httpd.exe -d C:/xampp/apache'
[Wed Jul 10 15:06:48.780664 2019] [mpm_winnt:notice] [pid 10372:tid 484] AH00418: Parent: Created child process 13640
[Wed Jul 10 15:06:49.448502 2019] [ssl:warn] [pid 13640:tid 640] AH01909: www.example.com:443:0 server certificate does NOT include an ID which matches the server name
[Wed Jul 10 15:06:49.556471 2019] [ssl:warn] [pid 13640:tid 640] AH01909: www.example.com:443:0 server certificate does NOT include an ID which matches the server name
[Wed Jul 10 15:06:49.648463 2019] [mpm_winnt:notice] [pid 13640:tid 640] AH00354: Child: Starting 150 worker threads.
[Wed Jul 10 15:07:54.972547 2019] [php7:warn] [pid 13640:tid 1900] [client ::1:57155] PHP Warning:  Cannot modify header information - headers already sent by (output started at C:\\xampp\\htdocs\\unbaja\\wp-includes\\formatting.php:5531) in C:\\xampp\\htdocs\\unbaja\\wp-includes\\pluggable.php on line 1251, referer: http://localhost/unbaja/wp-admin/themes.php?page=tgmpa-install-plugins&plugin=so-css&tgmpa-activate=activate-plugin&tgmpa-nonce=80a0e7fed3
[Wed Jul 10 15:07:54.972547 2019] [php7:warn] [pid 13640:tid 1900] [client ::1:57155] PHP Warning:  Cannot modify header information - headers already sent by (output started at C:\\xampp\\htdocs\\unbaja\\wp-includes\\formatting.php:5531) in C:\\xampp\\htdocs\\unbaja\\wp-includes\\pluggable.php on line 1254, referer: http://localhost/unbaja/wp-admin/themes.php?page=tgmpa-install-plugins&plugin=so-css&tgmpa-activate=activate-plugin&tgmpa-nonce=80a0e7fed3
[Wed Jul 10 15:51:36.900694 2019] [php7:error] [pid 13640:tid 1888] [client ::1:57547] PHP Fatal error:  Maximum execution time of 30 seconds exceeded in C:\\xampp\\htdocs\\unbaja\\wp-admin\\includes\\class-wp-filesystem-direct.php on line 81, referer: http://localhost/unbaja/wp-admin/themes.php?page=tgmpa-install-plugins
[Wed Jul 10 15:53:42.482814 2019] [php7:error] [pid 13640:tid 1900] [client ::1:57607] PHP Fatal error:  Maximum execution time of 30 seconds exceeded in C:\\xampp\\htdocs\\unbaja\\wp-admin\\includes\\class-wp-filesystem-direct.php on line 81, referer: http://localhost/unbaja/wp-admin/themes.php?page=tgmpa-install-plugins
[Wed Jul 10 15:55:26.402829 2019] [php7:error] [pid 13640:tid 1876] [client ::1:57636] PHP Fatal error:  Maximum execution time of 30 seconds exceeded in C:\\xampp\\htdocs\\unbaja\\wp-admin\\includes\\class-wp-filesystem-direct.php on line 81, referer: http://localhost/unbaja/wp-admin/themes.php?page=tgmpa-install-plugins
[Wed Jul 10 16:01:11.798175 2019] [php7:error] [pid 13640:tid 1876] [client ::1:51364] PHP Fatal error:  Maximum execution time of 30 seconds exceeded in C:\\xampp\\htdocs\\unbaja\\wp-includes\\Requests\\Transport\\cURL.php on line 463, referer: http://localhost/unbaja/wp-admin/themes.php?page=tgmpa-install-plugins
[Wed Jul 10 16:01:50.245470 2019] [php7:error] [pid 13640:tid 1872] [client ::1:51373] PHP Fatal error:  Maximum execution time of 30 seconds exceeded in C:\\xampp\\htdocs\\unbaja\\wp-includes\\Requests\\Transport\\cURL.php on line 463, referer: http://localhost/unbaja/wp-admin/themes.php?page=tgmpa-install-plugins
[Wed Jul 10 16:03:01.430488 2019] [php7:error] [pid 13640:tid 1876] [client ::1:51410] PHP Fatal error:  Maximum execution time of 30 seconds exceeded in C:\\xampp\\htdocs\\unbaja\\wp-admin\\includes\\class-wp-filesystem-direct.php on line 81, referer: http://localhost/unbaja/wp-admin/themes.php?page=tgmpa-install-plugins&plugin_status=install
[Wed Jul 10 16:10:09.732644 2019] [php7:warn] [pid 13640:tid 1900] [client ::1:51550] PHP Warning:  imagecreatetruecolor(): Invalid image dimensions in C:\\xampp\\htdocs\\unbaja\\wp-includes\\media.php on line 2948, referer: http://localhost/unbaja/wp-admin/customize.php?theme=auberge&return=http%3A%2F%2Flocalhost%2Funbaja%2Fwp-admin%2Fthemes.php
[Wed Jul 10 16:10:09.732644 2019] [php7:warn] [pid 13640:tid 1900] [client ::1:51550] PHP Warning:  imageantialias() expects parameter 1 to be resource, bool given in C:\\xampp\\htdocs\\unbaja\\wp-includes\\class-wp-image-editor-gd.php on line 291, referer: http://localhost/unbaja/wp-admin/customize.php?theme=auberge&return=http%3A%2F%2Flocalhost%2Funbaja%2Fwp-admin%2Fthemes.php
[Wed Jul 10 16:10:09.733642 2019] [php7:warn] [pid 13640:tid 1900] [client ::1:51550] PHP Warning:  imagecopyresampled() expects parameter 1 to be resource, bool given in C:\\xampp\\htdocs\\unbaja\\wp-includes\\class-wp-image-editor-gd.php on line 294, referer: http://localhost/unbaja/wp-admin/customize.php?theme=auberge&return=http%3A%2F%2Flocalhost%2Funbaja%2Fwp-admin%2Fthemes.php
[Wed Jul 10 16:58:14.205945 2019] [php7:error] [pid 13640:tid 1888] [client ::1:51115] PHP Fatal error:  Maximum execution time of 30 seconds exceeded in C:\\xampp\\htdocs\\unbaja\\wp-admin\\includes\\class-wp-filesystem-direct.php on line 81, referer: http://localhost/unbaja/wp-admin/plugin-install.php?tab=popular
[Wed Jul 10 16:58:54.436515 2019] [php7:error] [pid 13640:tid 1892] [client ::1:51127] PHP Fatal error:  Maximum execution time of 30 seconds exceeded in C:\\xampp\\htdocs\\unbaja\\wp-includes\\Requests\\Transport\\cURL.php on line 463, referer: http://localhost/unbaja/wp-admin/plugin-install.php?s=social&tab=search&type=term
[Wed Jul 10 14:09:04.005484 2019] [php7:error] [pid 13640:tid 1900] [client ::1:51406] PHP Fatal error:  Maximum execution time of 30 seconds exceeded in C:\\xampp\\htdocs\\unbaja\\wp-includes\\Requests\\Transport\\cURL.php on line 463, referer: http://localhost/unbaja/wp-admin/plugin-install.php?s=social&tab=search&type=term
[Wed Jul 10 16:10:14.519534 2019] [php7:error] [pid 13640:tid 1856] [client ::1:51269] PHP Fatal error:  Maximum execution time of 30 seconds exceeded in C:\\xampp\\htdocs\\unbaja\\wp-includes\\Requests\\Transport\\cURL.php on line 463, referer: http://localhost/unbaja/wp-admin/plugin-install.php?s=maps&tab=search&type=term
[Wed Jul 10 17:11:16.059915 2019] [php7:error] [pid 13640:tid 1876] [client ::1:52750] PHP Fatal error:  Maximum execution time of 30 seconds exceeded in C:\\xampp\\htdocs\\unbaja\\wp-admin\\includes\\class-wp-filesystem-direct.php on line 81, referer: http://localhost/unbaja/wp-admin/theme-install.php?theme=onetone
[Wed Jul 10 17:49:22.567916 2019] [php7:error] [pid 13640:tid 1872] [client ::1:53542] PHP Fatal error:  Maximum execution time of 30 seconds exceeded in C:\\xampp\\htdocs\\unbaja\\wp-admin\\includes\\class-wp-filesystem-direct.php on line 81, referer: http://localhost/unbaja/wp-admin/customize.php?theme=spicepress&return=http%3A%2F%2Flocalhost%2Funbaja%2Fwp-admin%2Fthemes.php
[Wed Jul 10 18:00:45.800698 2019] [php7:notice] [pid 13640:tid 1872] [client ::1:60655] Erro de banco de dados do WordPress Duplicate entry '155' for key 'PRIMARY' para a consulta INSERT INTO `st_posts` (`post_author`, `post_date`, `post_date_gmt`, `post_content`, `post_content_filtered`, `post_title`, `post_excerpt`, `post_status`, `post_type`, `comment_status`, `ping_status`, `post_password`, `post_name`, `to_ping`, `pinged`, `post_modified`, `post_modified_gmt`, `post_parent`, `menu_order`, `post_mime_type`, `guid`, `ID`) VALUES (1, '2017-02-17 12:02:51', '2017-02-17 12:02:51', ' ', '', '', '', 'publish', 'nav_menu_item', 'closed', 'closed', '', '155', '', '', '2017-02-17 12:02:51', '2017-02-17 12:02:51', 0, 10, '', 'http://webriti.com/demo/wp/lite/rambo/?p=155', 155) feita por do_action('wp_ajax_ocdi_import_demo_data'), WP_Hook->do_action, WP_Hook->apply_filters, OCDI\\OneClickDemoImport->import_demo_data_ajax_callback, OCDI\\Importer->import_content, OCDI\\Importer->import, ProteusThemes\\WPContentImporter2\\WXRImporter->import, ProteusThemes\\WPContentImporter2\\WXRImporter->process_post, wp_insert_post, referer: http://localhost/unbaja/wp-admin/themes.php?page=pt-one-click-demo-import&action=activate&plugin=one-click-demo-import%2Fone-click-demo-import.php&plugin_status=all&paged=1&external_url=http%3A%2F%2Flocalhost%2Funbaja%2Fwp-admin%2Fthemes.php%3Fpage%3Dpt-one-click-demo-import
[Wed Jul 10 20:13:41.312289 2019] [php7:error] [pid 13640:tid 1892] [client ::1:63974] PHP Fatal error:  Maximum execution time of 30 seconds exceeded in C:\\xampp\\htdocs\\unbaja\\wp-content\\plugins\\mashsharer\\includes\\shorturls.php on line 13, referer: http://localhost/unbaja/wp-admin/plugins.php?plugin_status=all&paged=1&s
[Wed Jul 10 20:13:58.578550 2019] [php7:error] [pid 13640:tid 1836] [client ::1:63982] PHP Fatal error:  Maximum execution time of 30 seconds exceeded in C:\\xampp\\htdocs\\unbaja\\wp-admin\\includes\\user.php on line 16, referer: http://localhost/unbaja/wp-admin/post.php?post=245&action=edit
[Wed Jul 10 20:43:08.390457 2019] [php7:error] [pid 13640:tid 1856] [client ::1:59685] PHP Fatal error:  Maximum execution time of 30 seconds exceeded in C:\\xampp\\htdocs\\unbaja\\wp-content\\plugins\\feed-them-social\\feeds\\youtube\\class-youtube-feed-free.php on line 20, referer: http://localhost/unbaja/wp-admin/post.php?post=245&action=edit
[Thu Jul 11 10:44:17.845936 2019] [ssl:warn] [pid 2688:tid 620] AH01909: www.example.com:443:0 server certificate does NOT include an ID which matches the server name
[Thu Jul 11 10:44:18.305819 2019] [core:warn] [pid 2688:tid 620] AH00098: pid file C:/xampp/apache/logs/httpd.pid overwritten -- Unclean shutdown of previous Apache run?
[Thu Jul 11 10:44:18.313818 2019] [ssl:warn] [pid 2688:tid 620] AH01909: www.example.com:443:0 server certificate does NOT include an ID which matches the server name
[Thu Jul 11 10:44:24.404285 2019] [mpm_winnt:notice] [pid 2688:tid 620] AH00455: Apache/2.4.39 (Win64) OpenSSL/1.1.1c PHP/7.3.6 configured -- resuming normal operations
[Thu Jul 11 10:44:24.404285 2019] [mpm_winnt:notice] [pid 2688:tid 620] AH00456: Apache Lounge VC15 Server built: May 29 2019 11:22:50
[Thu Jul 11 10:44:24.404285 2019] [core:notice] [pid 2688:tid 620] AH00094: Command line: 'c:\\xampp\\apache\\bin\\httpd.exe -d C:/xampp/apache'
[Thu Jul 11 10:44:24.524252 2019] [mpm_winnt:notice] [pid 2688:tid 620] AH00418: Parent: Created child process 7516
[Thu Jul 11 10:44:25.623975 2019] [ssl:warn] [pid 7516:tid 648] AH01909: www.example.com:443:0 server certificate does NOT include an ID which matches the server name
[Thu Jul 11 10:44:26.355822 2019] [ssl:warn] [pid 7516:tid 648] AH01909: www.example.com:443:0 server certificate does NOT include an ID which matches the server name
[Thu Jul 11 10:44:26.467762 2019] [mpm_winnt:notice] [pid 7516:tid 648] AH00354: Child: Starting 150 worker threads.
[Thu Jul 11 10:45:25.371146 2019] [php7:error] [pid 7516:tid 1880] [client ::1:53423] PHP Fatal error:  Maximum execution time of 30 seconds exceeded in C:\\xampp\\htdocs\\unbaja\\wp-content\\plugins\\contact-form-7\\admin\\includes\\welcome-panel.php on line 3, referer: http://localhost/unbaja/wp-admin/customize.php?return=%2Funbaja%2Fwp-admin%2Fplugins.php%3Fplugin_status%3Dall%26paged%3D1%26s
[Thu Jul 11 10:45:27.794538 2019] [php7:error] [pid 7516:tid 1896] [client ::1:53425] PHP Fatal error:  Maximum execution time of 30 seconds exceeded in C:\\xampp\\htdocs\\unbaja\\wp-content\\plugins\\feed-them-social\\includes\\feed-them-functions.php on line 10, referer: http://localhost/unbaja/wp-admin/plugins.php?plugin_status=all&paged=1&s
[Thu Jul 11 10:46:20.157511 2019] [php7:error] [pid 7516:tid 1896] [client ::1:53537] PHP Fatal error:  Maximum execution time of 30 seconds exceeded in C:\\xampp\\htdocs\\unbaja\\wp-content\\plugins\\advanced-custom-fields\\includes\\fields\\class-acf-field-taxonomy.php on line 3, referer: http://localhost/unbaja/wp-admin/plugins.php?plugin_status=all&paged=1&s
[Thu Jul 11 10:48:49.892610 2019] [php7:error] [pid 7516:tid 1888] [client ::1:53668] PHP Fatal error:  Maximum execution time of 30 seconds exceeded in C:\\xampp\\htdocs\\unbaja\\wp-includes\\wp-db.php on line 2007, referer: http://localhost/unbaja/wp-admin/
[Thu Jul 11 10:49:02.218694 2019] [php7:error] [pid 7516:tid 1864] [client ::1:53674] PHP Fatal error:  Maximum execution time of 30 seconds exceeded in C:\\xampp\\htdocs\\unbaja\\wp-content\\plugins\\social-media-feather\\synved-option\\synved-option-setting.php on line 3, referer: http://localhost/unbaja/
[Thu Jul 11 10:49:06.373648 2019] [php7:error] [pid 7516:tid 1880] [client ::1:53676] PHP Fatal error:  Maximum execution time of 30 seconds exceeded in C:\\xampp\\htdocs\\unbaja\\wp-content\\plugins\\mashsharer\\includes\\admin\\tools.php on line 14, referer: http://localhost/unbaja/wp-admin/post.php?post=152&action=edit
libpng warning: zTXt: incorrect header check
libpng warning: zTXt: incorrect header check
